2025-01-27 15:58:20,693 INFO o.h.v.i.u.Version [background-preinit] HV000001: Hibernate Validator 8.0.2.Final
2025-01-27 15:58:20,774 INFO o.s.b.StartupInfoLogger [main] Starting ProfamiliaApplication using Java 21.0.2 with PID 17832 (C:\apl\profamiliaSpring\target\classes started by carol in C:\apl\profamiliaSpring)
2025-01-27 15:58:20,779 INFO o.s.b.SpringApplication [main] No active profile set, falling back to 1 default profile: "default"
2025-01-27 15:58:21,776 INFO o.s.d.r.c.RepositoryConfigurationDelegate [main] Bootstrapping Spring Data JPA repositories in DEFAULT mode.
2025-01-27 15:58:21,861 INFO o.s.d.r.c.RepositoryConfigurationDelegate [main] Finished Spring Data repository scanning in 71 ms. Found 2 JPA repository interfaces.
2025-01-27 15:58:22,618 INFO o.s.b.w.e.t.TomcatWebServer [main] Tomcat initialized with port 7070 (http)
2025-01-27 15:58:22,642 INFO o.a.j.l.DirectJDKLog [main] Initializing ProtocolHandler ["http-nio-7070"]
2025-01-27 15:58:22,646 INFO o.a.j.l.DirectJDKLog [main] Starting service [Tomcat]
2025-01-27 15:58:22,646 INFO o.a.j.l.DirectJDKLog [main] Starting Servlet engine: [Apache Tomcat/10.1.34]
2025-01-27 15:58:22,707 INFO o.a.j.l.DirectJDKLog [main] Initializing Spring embedded WebApplicationContext
2025-01-27 15:58:22,709 INFO o.s.b.w.s.c.ServletWebServerApplicationContext [main] Root WebApplicationContext: initialization completed in 1868 ms
2025-01-27 15:58:22,945 INFO o.h.j.i.u.LogHelper [main] HHH000204: Processing PersistenceUnitInfo [name: default]
2025-01-27 15:58:23,044 INFO o.h.Version [main] HHH000412: Hibernate ORM core version 6.6.5.Final
2025-01-27 15:58:23,098 INFO o.h.c.i.RegionFactoryInitiator [main] HHH000026: Second-level cache disabled
2025-01-27 15:58:23,527 INFO o.s.o.j.p.SpringPersistenceUnitInfo [main] No LoadTimeWeaver setup: ignoring JPA class transformer
2025-01-27 15:58:23,640 INFO c.z.h.HikariDataSource [main] HikariPool-1 - Starting...
2025-01-27 15:58:23,894 INFO c.z.h.p.HikariPool [main] HikariPool-1 - Added connection org.postgresql.jdbc.PgConnection@312a738d
2025-01-27 15:58:23,897 INFO c.z.h.HikariDataSource [main] HikariPool-1 - Start completed.
2025-01-27 15:58:23,997 INFO o.h.e.j.e.i.JdbcEnvironmentInitiator [main] HHH10001005: Database info:
	Database JDBC URL [Connecting through datasource 'HikariDataSource (HikariPool-1)']
	Database driver: undefined/unknown
	Database version: 16.2
	Autocommit mode: undefined/unknown
	Isolation level: undefined/unknown
	Minimum pool size: undefined/unknown
	Maximum pool size: undefined/unknown
2025-01-27 15:58:25,302 INFO o.h.e.t.j.p.i.JtaPlatformInitiator [main] HHH000489: No JTA platform available (set 'hibernate.transaction.jta.platform' to enable JTA platform integration)
2025-01-27 15:58:25,507 INFO o.s.o.j.AbstractEntityManagerFactoryBean [main] Initialized JPA EntityManagerFactory for persistence unit 'default'
2025-01-27 15:58:26,073 WARN o.s.b.a.o.j.JpaBaseConfiguration$JpaWebConfiguration [main] spring.jpa.open-in-view is enabled by default. Therefore, database queries may be performed during view rendering. Explicitly configure spring.jpa.open-in-view to disable this warning
2025-01-27 15:58:26,622 INFO o.a.j.l.DirectJDKLog [main] Starting ProtocolHandler ["http-nio-7070"]
2025-01-27 15:58:26,648 INFO o.s.b.w.e.t.TomcatWebServer [main] Tomcat started on port 7070 (http) with context path '/'
2025-01-27 15:58:26,657 INFO o.s.b.StartupInfoLogger [main] Started ProfamiliaApplication in 6.393 seconds (process running for 7.594)
2025-01-27 15:58:33,320 INFO o.a.j.l.DirectJDKLog [http-nio-7070-exec-1] Initializing Spring DispatcherServlet 'dispatcherServlet'
2025-01-27 15:58:33,320 INFO o.s.w.s.FrameworkServlet [http-nio-7070-exec-1] Initializing Servlet 'dispatcherServlet'
2025-01-27 15:58:33,323 INFO o.s.w.s.FrameworkServlet [http-nio-7070-exec-1] Completed initialization in 2 ms
2025-01-27 15:58:33,374 INFO c.p.p.c.SedeControlador [http-nio-7070-exec-1] GET /api/sedes/4 - Obteniendo sede por ID
2025-01-27 15:58:33,381 INFO c.p.p.s.SedeServicios [http-nio-7070-exec-1] Buscando sede con ID: 4
2025-01-27 15:58:50,380 INFO o.s.b.w.e.t.GracefulShutdown [SpringApplicationShutdownHook] Commencing graceful shutdown. Waiting for active requests to complete
2025-01-27 15:58:50,385 INFO o.s.b.w.e.t.GracefulShutdown [tomcat-shutdown] Graceful shutdown complete
2025-01-27 15:58:50,390 INFO o.s.o.j.AbstractEntityManagerFactoryBean [SpringApplicationShutdownHook] Closing JPA EntityManagerFactory for persistence unit 'default'
2025-01-27 15:58:50,393 INFO c.z.h.HikariDataSource [SpringApplicationShutdownHook] HikariPool-1 - Shutdown initiated...
2025-01-27 15:58:50,398 INFO c.z.h.HikariDataSource [SpringApplicationShutdownHook] HikariPool-1 - Shutdown completed.
